2021-01-23 06:33:20.619 - INFO Request path: /mega/batch/split
2021-01-23 06:33:20.619 - INFO Enter: com.mega.mes.mfg.web.rest.BatchResource.split() with argument[s] = [BatchSplitVM(originalRunCardId=E311-2101220042-00033, splitRunCardId=E311-2101220042-00033-0002, virtualWoId=EKF2-2101210537-00, virtualWoQty=2331, splitQty=1440, pieceList=[], newWoId=E311-2101220042, newRunCardId=null, machine2=A27)]
2021-01-23 06:33:20.619 - INFO batch split posting by BatchSplitVM:BatchSplitVM(originalRunCardId=E311-2101220042-00033, splitRunCardId=E311-2101220042-00033-0002, virtualWoId=EKF2-2101210537-00, virtualWoQty=2331, splitQty=1440, pieceList=[], newWoId=E311-2101220042, newRunCardId=null, machine2=A27)
2021-01-23 06:33:20.619 -DEBUG ==>  Preparing: select t.RUNCARD_ID AS RUNCARD_ID, t.CREATE_TIME AS CREATE_TIME, t.RUNCARD_STATUS AS RUNCARD_STATUS, t.DOMAIN_ID AS DOMAIN_ID, t.AREA AS AREA, t.CARRIER_ID AS CARRIER_ID, t.WO_ID AS WO_ID, t.MODEL_NO AS MODEL_NO, t.PART_NO AS PART_NO, t.LINE_ID AS LINE_ID, t.ROUTE_ID AS ROUTE_ID, t.OP_ID AS OP_ID, t.MAIN_ROUTE_ID AS MAIN_ROUTE_ID, t.MAIN_OP_ID AS MAIN_OP_ID, t.REPAIR_COUNT AS REPAIR_COUNT, t.GRADE AS GRADE, t.SHIPPING_NO AS SHIPPING_NO, t.CUST_SHIPPING_1 AS CUST_SHIPPING_1, t.CUST_SHIPPING_2 AS CUST_SHIPPING_2, t.SHIPPING_PALLET_NO AS SHIPPING_PALLET_NO, t.CARTON_NO AS CARTON_NO, t.SUB_CARTON_NO AS SUB_CARTON_NO, t.CUST_CARTON_NO AS CUST_CARTON_NO, t.TRACK_IN_TIME AS TRACK_IN_TIME, t.TRACK_IN_USER AS TRACK_IN_USER, t.TRACK_OUT_TIME AS TRACK_OUT_TIME, t.TRACK_OUT_USER AS TRACK_OUT_USER, t.MR_NO AS MR_NO, t.RESPONSIBILITY AS RESPONSIBILITY, t.RETURN_REASON AS RETURN_REASON, t.LM_TIME AS LM_TIME, t.LM_USER AS LM_USER, t.IS_REGEN_SHIP_LABEL AS IS_REGEN_SHIP_LABEL, t.STATION_ID AS STATION_ID, t.TRACE_ID AS TRACE_ID, t.RUNCARD_QTY AS RUNCARD_QTY, t.BATCH_NO AS BATCH_NO, t.DEFECT_CODE AS DEFECT_CODE, t.PRE_OP_ID AS PRE_OP_ID, t.PARENT_RUNCARD_ID AS PARENT_RUNCARD_ID, t.LOT_NO AS LOT_NO, t.REMARK AS REMARK, t.RUN_ID AS RUN_ID, t.EXTEND_COLUMN_1 AS EXTEND_COLUMN_1, t.EXTEND_COLUMN_2 AS EXTEND_COLUMN_2, t.EXTEND_COLUMN_3 AS EXTEND_COLUMN_3, t.EXTEND_COLUMN_4 AS EXTEND_COLUMN_4, t.EXTEND_COLUMN_5 AS EXTEND_COLUMN_5, t.VIRTUAL_WO_ID AS VIRTUAL_WO_ID, t.LINK_ID AS LINK_ID, t.EQP_ID AS EQP_ID, t.SLICE_QTY AS SLICE_QTY, t.PACKAGE_DAY AS PACKAGE_DAY, t.MTRL_MFG_DAY AS MTRL_MFG_DAY, t.MTRL_VENDOR_CODE AS MTRL_VENDOR_CODE, t.EXPIRED_DATE AS EXPIRED_DATE, t.MTRL_PART_NO AS MTRL_PART_NO, t.MTRL_SPEC AS MTRL_SPEC, t.MTRL_TYPE AS MTRL_TYPE, t.MTL_PROP AS MTL_PROP, t.EXTEND_COLUMN_6 AS EXTEND_COLUMN_6, t.PACKAGE_REMARK AS PACKAGE_REMARK, t.MATERIAL_PACKAGE_REMARK AS MATERIAL_PACKAGE_REMARK, t.KPI_AREA AS KPI_AREA, t.RING_NO AS RING_NO from R_WIP_PRODUCT t where t.RUNCARD_ID = ?
2021-01-23 06:33:20.619 -DEBUG ==> Parameters: E311-2101220042-00033(String)
2021-01-23 06:33:20.620 -DEBUG <==      Total: 1
2021-01-23 06:33:20.621 - INFO SQL Execute Time: 2 ms
2021-01-23 06:33:20.621 -DEBUG ==>  Preparing: select UNIQUE_ID, LABEL_TYPE, CREATE_TIME, LM_TIME, LM_USER, TRACE_ID from T_WIP_UNIQUE where UNIQUE_ID = ? and LABEL_TYPE = ?
2021-01-23 06:33:20.621 -DEBUG ==> Parameters: E311-2101220042-00033-0002(String), RUNCARD(String)
2021-01-23 06:33:20.621 -DEBUG <==      Total: 0
2021-01-23 06:33:20.621 - INFO SQL Execute Time: 0 ms
2021-01-23 06:33:20.621 -DEBUG ==>  Preparing: insert into T_WIP_UNIQUE (UNIQUE_ID, LABEL_TYPE, CREATE_TIME, LM_TIME, LM_USER, TRACE_ID ) values (?, ?, ?, ?, ?, ? )
2021-01-23 06:33:20.621 -DEBUG ==> Parameters: E311-2101220042-00033-0002(String), RUNCARD(String), 2021-01-23 06:33:20.621(Timestamp), 2021-01-23 06:33:20.621(Timestamp), ZQC23887(String), 202101230635137287172016032081(String)
2021-01-23 06:33:20.622 -DEBUG <==    Updates: 1
2021-01-23 06:33:20.622 - INFO SQL Execute Time: 1 ms
2021-01-23 06:33:20.622 -DEBUG ==>  Preparing: select t.WO_ID AS WO_ID, t.CREATE_TIME AS CREATE_TIME, t.WO_TYPE AS WO_TYPE, t.WO_STATUS AS WO_STATUS, t.PART_NO AS PART_NO, t.TOTAL_QTY AS TOTAL_QTY, t.KITTING_QTY AS KITTING_QTY, t.OUTPUT_QTY AS OUTPUT_QTY, t.SCRAP_QTY AS SCRAP_QTY, t.LM_USER AS LM_USER, t.LM_TIME AS LM_TIME, t.ERP_ORG AS ERP_ORG, t.TRANS_IN_QTY AS TRANS_IN_QTY, t.TRANS_OUT_QTY AS TRANS_OUT_QTY, t.ROUTE_ID AS ROUTE_ID, t.KITTING_NEXT_OP_ID AS KITTING_NEXT_OP_ID, t.RTN_QTY AS RTN_QTY, t.TRACE_ID AS TRACE_ID, t.DOMAIN_ID as DOMAIN_ID, t.ALLOW_MAX_GRADE as ALLOW_MAX_GRADE, t.SHIFT_WO as SHIFT_WO,t.REWORK_OP_ID as REWORK_OP_ID, t.PLAN_START_DATE AS PLAN_START_DATE, t.PLAN_END_DATE AS PLAN_END_DATE, t.DEPT_NO AS DEPT_NO, t.SUB_INVENTORY AS SUB_INVENTORY, t.MACHINE1 AS MACHINE1, t.MACHINE2 AS MACHINE2, t.CLOSE_DATE AS CLOSE_DATE, t.WO_LOT_NO AS WO_LOT_NO, t.ISSUE_QTY AS ISSUE_QTY, t.CUSTOMERNAME AS CUSTOMERNAME, t.WORK_CLASS AS WORK_CLASS, t.ORDER_REMARK AS ORDER_REMARK from R_WOM_WO t where WO_ID = ? and DOMAIN_ID = 'T01'
2021-01-23 06:33:20.622 -DEBUG ==> Parameters: E311-2101220042(String)
2021-01-23 06:33:20.622 -DEBUG <==      Total: 1
2021-01-23 06:33:20.622 - INFO SQL Execute Time: 0 ms
2021-01-23 06:33:20.622 -DEBUG ==>  Preparing: select RUN_CARD_ID, CREATE_TIME, OP_LIST, USER_LIST, MAIN_DEFECT_LIST, MTRL_LOT_LIST, MTRL_PART_LIST, TIME_LIST, LM_TIME, LM_USER, CARTON_LIST from R_WIP_PRODUCTDATA where RUN_CARD_ID = ?
2021-01-23 06:33:20.623 -DEBUG ==> Parameters: E311-2101220042-00033(String)
2021-01-23 06:33:20.623 -DEBUG <==      Total: 1
2021-01-23 06:33:20.623 - INFO SQL Execute Time: 1 ms
2021-01-23 06:33:20.623 -DEBUG ==>  Preparing: insert into R_WIP_PRODUCTDATA (RUN_CARD_ID, CREATE_TIME, OP_LIST, USER_LIST, MAIN_DEFECT_LIST, MTRL_LOT_LIST, MTRL_PART_LIST, TIME_LIST, LM_TIME, LM_USER, CARTON_LIST, TRACE_ID) values (?, ?, ?, ?, ?, ?, ?, ?, ?, ?, ?, ?)
2021-01-23 06:33:20.623 -DEBUG ==> Parameters: E311-2101220042-00033-0002(String), 2021-01-23 06:33:20.623(Timestamp), 激光切割;组立;倒盒子;(String), ZQC11421;ZQC08993;ZQC30863;(String), null, null, null, 1611320078437;1611327657539;1611338596609;(String), 2021-01-23 06:33:20.623(Timestamp), ZQC30863(String), null, 202101230635137287172016032081(String)
2021-01-23 06:33:20.623 -DEBUG <==    Updates: 1
2021-01-23 06:33:20.623 - INFO SQL Execute Time: 0 ms
2021-01-23 06:33:20.624 -DEBUG ==>  Preparing: select JIG_ID, JIG_MODEL, USE_COUNT, CREATE_TIME, LM_TIME, LM_USER, DESCRIPTION, STATUS, STATION_ID from R_JIG_INFO where JIG_ID = ?
2021-01-23 06:33:20.624 -DEBUG ==> Parameters: E311-2101220042-00033(String)
2021-01-23 06:33:20.624 -DEBUG <==      Total: 0
2021-01-23 06:33:20.624 - INFO SQL Execute Time: 0 ms
2021-01-23 06:33:20.624 -DEBUG ==>  Preparing: delete from R_WIP_PRODUCT where RUNCARD_ID = ?
2021-01-23 06:33:20.624 -DEBUG ==> Parameters: E311-2101220042-00033(String)
2021-01-23 06:34:07.807 -DEBUG <==    Updates: 0
2021-01-23 06:34:07.807 - INFO SQL Execute Time: 47183 ms
2021-01-23 06:34:07.807 -DEBUG ==>  Preparing: delete from R_WIP_PRODUCTDATA where RUN_CARD_ID = ?
2021-01-23 06:34:07.807 -DEBUG ==> Parameters: E311-2101220042-00033(String)
2021-01-23 06:34:07.814 -DEBUG <==    Updates: 0
2021-01-23 06:34:07.815 - INFO SQL Execute Time: 8 ms
2021-01-23 06:34:07.815 -DEBUG ==>  Preparing: delete from R_WIP_MATERIAL where RUNCARD_ID = ?
2021-01-23 06:34:07.815 -DEBUG ==> Parameters: E311-2101220042-00033(String)
2021-01-23 06:34:07.821 -DEBUG <==    Updates: 0
2021-01-23 06:34:07.821 - INFO SQL Execute Time: 6 ms
2021-01-23 06:34:07.821 -DEBUG ==>  Preparing: delete from R_WIP_PIECE where RUNCARD_ID = ?
2021-01-23 06:34:07.821 -DEBUG ==> Parameters: E311-2101220042-00033(String)
2021-01-23 06:34:07.825 -DEBUG <==    Updates: 0
2021-01-23 06:34:07.825 - INFO SQL Execute Time: 4 ms
2021-01-23 06:34:07.825 -DEBUG 
2021-01-23 06:34:07.825 -DEBUG ==> Parameters: E311-2101220042-00033(String)
2021-01-23 06:34:07.836 -DEBUG <==      Total: 0
2021-01-23 06:34:07.836 - INFO SQL Execute Time: 11 ms
2021-01-23 06:34:07.836 -DEBUG ==>  Preparing: delete from R_WIP_DEFECT where RUNCARD_ID = ?
2021-01-23 06:34:07.836 -DEBUG ==> Parameters: E311-2101220042-00033(String)
2021-01-23 06:34:07.842 -DEBUG <==    Updates: 0
2021-01-23 06:34:07.842 - INFO SQL Execute Time: 6 ms
2021-01-23 06:34:07.842 -DEBUG 
2021-01-23 06:34:07.842 -DEBUG ==> Parameters: EKF2-2101210537-00(String), SJ004(String)
2021-01-23 06:34:08.702 -DEBUG <==      Total: 1
2021-01-23 06:34:08.702 - INFO SQL Execute Time: 860 ms
2021-01-23 06:34:08.702 -DEBUG ==>  Preparing: insert into R_WIP_PRODUCT (RUNCARD_ID, CREATE_TIME, RUNCARD_STATUS, DOMAIN_ID, AREA, CARRIER_ID, WO_ID, MODEL_NO, PART_NO, LINE_ID, ROUTE_ID, OP_ID, MAIN_ROUTE_ID, MAIN_OP_ID, REPAIR_COUNT, GRADE, SHIPPING_NO, CUST_SHIPPING_1, CUST_SHIPPING_2, SHIPPING_PALLET_NO, CARTON_NO, SUB_CARTON_NO, CUST_CARTON_NO, TRACK_IN_TIME, TRACK_IN_USER, TRACK_OUT_TIME, TRACK_OUT_USER, MR_NO, RESPONSIBILITY, RETURN_REASON, LM_TIME, LM_USER, IS_REGEN_SHIP_LABEL, STATION_ID, TRACE_ID, RUNCARD_QTY, BATCH_NO, DEFECT_CODE, PRE_OP_ID,PARENT_RUNCARD_ID, LOT_NO, REMARK, RUN_ID, EXTEND_COLUMN_1, EXTEND_COLUMN_2, EXTEND_COLUMN_3, EXTEND_COLUMN_4, EXTEND_COLUMN_5, VIRTUAL_WO_ID, LINK_ID, EQP_ID,SLICE_QTY, PACKAGE_DAY, MTRL_MFG_DAY, MTRL_VENDOR_CODE, EXPIRED_DATE, MTRL_PART_NO, MTRL_SPEC, MTRL_TYPE, MTL_PROP, EXTEND_COLUMN_6, PACKAGE_REMARK, MATERIAL_PACKAGE_REMARK, KPI_AREA, RING_NO) values (?, ?, ?, ?, ?, ?, ?, ?, ?, ?, ?, ?, ?, ?, ?, ?, ?, ?, ?, ?, ?, ?, ?, ?, ?, ?, ?, ?, ?, ?, ?, ?, ?, ?, ?, ?, ?, ?, ?, ?, ?, ?, ?, ?, ?,?, ?,?, ?, ?,?,?, ?, ?, ?, ?, ?, ?, ?, ?, ?, ?, ?, ?, ?)
2021-01-23 06:34:08.702 -DEBUG ==> Parameters: E311-2101220042-00033-0002(String), 2021-01-21 23:19:30.0(Timestamp), WAIT(String), T01(String), 组立3线6组(String), null, E311-2101220042(String), JZF0.21-9.80-7.70-B02-YM(String), 1520113000410(String), 3-6倒盒子(String), 手机组立段流程(String), 成品镜检(String), null, null, 0(Integer), Z(String), null, null, null, null, null, null, null, 2021-01-23 02:03:10.0(Timestamp), ZQC30863(String), 2021-01-23 02:03:16.0(Timestamp), ZQC30863(String), null, null, null, 2021-01-23 06:34:08.702(Timestamp), ZQC24153(String), N(String), 3-6倒盒子A27(String), 202101230635137287172016032081(String), 1440(Integer), null, null, 倒盒子(String), E311-2101220042-00033(String), A21921011704;H11121011703(String), null, E311-2101220042-00033-0002(String), null, null, null, null, null, EKF2-2101210537-00(String), 161133859660987(BigDecimal), A27/A27(String), 1(Integer), null, null, null, null, null, null, null, null, null, null, null, null, null
2021-01-23 06:34:08.703 -DEBUG <==    Updates: 1
2021-01-23 06:34:08.703 - INFO SQL Execute Time: 1 ms
2021-01-23 06:34:08.704 -DEBUG ==>  Preparing: SELECT CREATE_TIME, MFG_DAY, SHIFT_NUM, START_TIME, END_TIME, SHIFT_ID, DAY_OF_WEEK, FISCAL_WEEK, FISCAL_MONTH, FISCAL_QUARTER, FISCAL_YEAR, MFG_WEEK, MFG_MONTH, MFG_QUARTER, MFG_YEAR, LM_TIME, LM_USER, TRACE_ID, DOMAIN_ID FROM C_FAC_SHIFT WHERE START_TIME < sysdate AND END_TIME > sysdate AND DOMAIN_ID = 'T01'
2021-01-23 06:34:08.704 -DEBUG ==> Parameters:
2021-01-23 06:34:08.714 -DEBUG <==      Total: 1
2021-01-23 06:34:08.714 - INFO SQL Execute Time: 10 ms
2021-01-23 06:34:08.716 - INFO Exit: com.mega.mes.mfg.web.rest.BatchResource.split() with result = <200 OK,{}>
2021-01-23 06:34:08.716 - INFO API Execute Time: 48097 ms, path: /mega/batch/split